+/SWd9E+gIxfLPbIvkmnp3/SmPfYXQT3MCPStMtboMg=|34000
+61iN7k2lPkIzoAwENqwM6MTu/BWwxVd1R68surtYJg=|34000
+82SaCA0jtE4Pqd8VUPBc4ilbLHS0w1l9ifignfasAM=|34000
+sfxzkrICQhb6slvxevatyKs+ZFshV47Koqlli+ceYY=|34000
/7D0MkjWRMDl4iHC1MnOF3d0daLdS44FgKl5OYE6NOU=|34000
/QZHdQqh/w4byVtEOC/XHITSYyjnIaAWJ3vro1YkdcI=|34000
/ji+fq/PXvS1j3V7kBlGmp0wOLtVAejlRoKAKR9W2Q4=|34000
/oNtCe3zsl9PfvoesCVkDDSzZVJSxSFihsSQDa7viOo=|34000
/yZQXetwGxa0JW+869rqD0Z6+amAP/tt/hlzn8zO7bU=|34000
0AYieEJz1MaoHFWXE9I4flUBBr/tvDEnRg9QvkvCmxI=|34000
0BJTQr9opDN5jcPYPd8jU8AFaCrQHWLP5qCRDkgozIA=|34000
0DSjIYRXq+g4dakU+0Wxt/FFl8LqnmEBFcvNoMyGSiA=|34000
0GGRzX2283+3bwl7Ay+1k5OComiDK3jd/HH1JRq2uIQ=|34000
0NtufClKKHcAI9+2B6HyuexW5fXZJ1ed62ZFuVeQ8ng=|34000
0bJTeA2NJRzcUwYnpqmtUhaOj6qrqMvoaoz7JDHFfE0=|34000
0uMcbgDHuQtHWQuyBI/VwZEPqohrekzzGTuEMO6KbKk=|34000
107jGuNaZbbaYPrP/PN2QF2kkuw+lk8MvwqSo3KerAk=|34000
1Irh35Cu3EElmVCcLHsfLCxIzMvuUJGsKnTDuuuZxRQ=|34000
1JrLBTmP9YJYPGUTHVKwknRQxx9XoDXAWI5khJOm12A=|34000
1PkIujBRqPwvJhxrm1rwt5vgsjqn7dbfdXixIXMY7fA=|34000
1ZehiI3BlKZY96BSknasVuCgEq/7SOxehR3i0dF6NZ8=|34000
1qDgHR0zrMnlVVCKnOj6mmJ3YEG9SEiNKV7Y0SpzZhc=|34000
24D3Z/4+WoedH4U9EYg5WO7yCXakTZAlkxWtAdoPl4U=|34000
2KB+dOeC5pHAd+3vocfNXmhJwgWoX41/xfTmsIpuBjQ=|34000
2t7oYGf6RIJh6cyzxVraV952JxzzPmRCccAGcx4T2mQ=|34000
3BlDQWeefl+fPjh9CAr/NjGA7b6tCANY+0q7cIjaQTQ=|34000
3IBU0SwBvRwejFrkq0wX9BQG9nba6cEQeH5OS3Ziyuo=|34000
3YE5cE6SVPgpAjDtoWYYF1i3eou2tljIL2ykXp07SDo=|34000
3YEZiSwChH4ATJuzfktTqb6rtPJNnM7E+ATLElSBfP0=|34000
3hW80J3M+N4mvaMCblMQGIuOuv2C+QmBBIh7GT3Xyq0=|34000
3iR+z8I6QoTgxZ9Dgk800V0Oj+gTijuEt1yn/6p2jlg=|34000
45LaW+/hRJEi823J0EXfwaI/TeWWQYj/XmNnjlk0Y7A=|34000
4B8/z/jVEbujJTaOwsd3DGwcfjcD5A7oC5KAp83Nia4=|34000
4M9V/upsA8OHDu5mKsnr5coBuW784IBZJ/QFUM0v55I=|34000
4PinAWwcxysk1Hg2HUmbKDyhUVEeQnNHduLMW6Rv+uk=|34000
4X4nL8BJULxgFjXvtMNZ5UexkVSray0q5r80OAJc1O8=|34000
4lVnFmEevSX1Jc4IolVjf3tzn/Dv3P2ItTPq9Ei7LS0=|34000
4nAYabVt/IfXko1jE/hBPyjWqKX39pmGqTF7XBroB/U=|34000
50I9fvxUUOHyPso/hAuHzUEqLiNMCNY8iAXGZhFjh2g=|34000
51T0ZtU9j4msTJD5tZo59nlq48bId58zxd3I/ulsUvA=|34000
5ZRuwyPXl3B9z9dd/uj5HxZuIinX69tKuEgvwEl4M4o=|34000
5tUhF0nINsgk/FOAaECuhXvga2odlscLzf1viSmj8jM=|34000
5w6dcn6RQFB7lINBLCdNeqCQ99fka8MbqIWb92ORWb4=|34000
5yKPJGFUXpELBNSmLkMxriwcRxNHGduCHk9BdSopREQ=|34000
5zlmE6t+hNiJXkoyOCSFvJpvu67iKlMVwj6Dr3kJGc4=|34000
60w/obTOruPL5zZboRRMF2cXxO49HjiMM+66bIkzq5A=|34000
61dvkpHEmDwbKHnrqFonCrPCipdNMkDRMfV4xU8/0lU=|34000
6J4P0i3fgDvjgib43XAupKLe3Zym1oYMoa5UKi7As8U=|34000
6W2ooMwgjHvt1ZKLW3I+V0QHlJbU/21ni2FHQHmTNY8=|34000
6bCf3nlSfNqn8Z/kxaaRt+Kzfhr7HnW+RdpZuCpgOXI=|34000
6nSTRvkDCeO1Wh1uY7vi0jVY2Nfkhb0RkCm+m6LHOz4=|34000
6tD62oXT1dN7iYncXDCNWZrV955LTair2swftw/ORgQ=|34000
6xdiycdRdpJlSUfIpodwkrj/XIpZIXzfoNaI5sx9ImA=|34000
6xkxY08DwsAwDjheS6b6ESaDmbdUsv+G5H4EL/WLszU=|34000
71abnN6tBvelX62PE6boqmvdrIUECROVkZdzPnK3cxE=|34000
79mS/Owqb0Dm3//Utkc7Bvgqy14pAdjr9Q4bcNgjFt8=|34000
7aqPUiQz8spab4bQlZx4/haRUDgkM8RedZBt7fXXOUA=|34000
7jWqtyV+MgJikVpgqBX/55meOyC538xwoEu8ktEsnKs=|34000
7y2Qq4K4DVlhF1i3PnVP7DM6IqZATAtXHsoieJpodnw=|34000
8/zfWgFzhDW3HG0wQeyXFegKIj2s55dQNkJFnXrrBtA=|34000
8DwUuYWvl7TH8xkn+WVvSUrINeqCv9seq7EO9luExQk=|34000
8SjfpRh7OlxX1/lmyzyIKN9JibbjI7f5CIyUrclUASM=|34000
8lt2TUGVf3m2WirxFeq1mHjdOLMQ27KuYqN4uOEjd/M=|34000
92xlgLDR4jEqmyRZfRfEgak4MksQNWKfNY7MDmbE7Lo=|34000
96leK+jU66kzQzIBkpuP0t38afizcxMW3/sccThH3LY=|34000
9738PoYBqwPEoaBQtw6Uhk5c0FHnrCG2SM5qYJd72Yg=|34000
9BHb85pLLVZt4yOmI1CkUyEuurfSQtkR7HTt8CbH8WU=|34000
9ClEJkt+9tDOuYp/vI2w9Q54x81PNQjsUL5MLCmudxc=|34000
9ECzWYjt9fDprkf+c5GRwrLEVis4qArHcRfQ7I7pnPQ=|34000
9bBpN4Aq8KXsT0hg4I262dx60EzpR0mcGQTWlcnKFDk=|34000
A/Zp0gBvrYV1Pod2Rp7G7eHdbSDSrefOlExLOxQT00Q=|34000
A0Q/oElarfDwvF1Z/YXtByOhE//hkbHBXffX7wg/xjA=|34000
A3F32b1vN3HbmhDWoIkpMerh5hdUl21ZB5XwsNJMlcM=|34000
A4bMR7Rya/o7jPcndXZTPOLQowR8WGVFe0BHhMcHY6M=|34000
AUvcyXAl5ldTKve+LYNzUphoTAz0lXGnqLHEmVU28GA=|34000
AbVUjo27ROyiuEWIBMgzWGjrRrDFMRcaLyv4uxFcFvk=|34000
Ah13BSF5otjOhe+bLcytsaAIrydMv7KiXAWmuHUKvvc=|34000
B14Joo/OZILUUJk7N/pY6Xtw20/RvusjSRtHMvkxxHk=|34000
B24Mn7Xu6qt6JKJU2SrcHbnaXSFlrEMfCeM/lf7QhG0=|34000
BA0Oggb1lHtGFT9gnr89rRCnb3qM0ee5F+4B96KIQ0E=|34000
BNj3/jNTdkz0K7fmuNr8AMsvdixZMkTL+je/Y8eQq6c=|34000
BNjbfNnopCXFdoyGnxoiK77YYOgWRl1xW7H/tyWdT30=|34000
Bp+nhMdDwmL2mafe94UKO+tYIWFphJBtoOctTb83db0=|34000
BrG5BdcAfWg8lJZNzNkWHbMXUzB4codkyaeYAKRxXu4=|34000
C/NxEfct+rn5rY7UPHYp8txlV0WG1dYEfQIVWdp/gZ0=|34000
C0xskHcsvUfk01IHVxfo2ecJv+jgi5fpOqmW16PUJ3I=|34000
CBYdrUniTbLQNde1nQDJPiEliT0g9gMyZ51MzNYGxY8=|34000
CF1u6dCxxbUT2h7LrOyxdAK1TDLYWoE4oeJh+fR7nZ4=|34000
CFSCk7Q9YV/1ywxBcWjttDQCBXy0TTuQCzICRVV6TMY=|34000
Ci7m88zH2ikn9F/Ca87uXBFuRxlZFHocmFfnY/rRnDE=|34000
Ck5Zm/PiEniXs8Ti5enFIwF3/b+NlPTGhksBgipBESY=|34000
ClEbyH6ZNW7LEAWcR8+rk1tY5moILRHXHI5aoIT7m7Y=|34000
CsUKNGwFff4N32vtCpJZYNQ7bYEbwciuXiFkCkeA4AA=|34000
D/I/yVvneXEU8UxQHPJg8At24KGOkGf1b54ubh0Zl0Y=|34000
DBRNcwMMhhMzeV2RQfMTu1CDuIvVZRtWcPcQOn9MMFY=|34000
DJIjGgr5OCsdtzqkwGZl0iAHLatkX1iRD1HCBdSDQSw=|34000
DQ5LS4zhUV+Z6fHLfybsGTm0TH5i016DDiLQZ1/WSys=|34000
DhKpdJYX5dDEdVHH5dgQMMeRq4g08sVlhaNCZo+X5vs=|34000
Di4NgfdCIq8oz5WNTTL+DpFNtibTmN6a2GnrFuOqwc0=|34000
DmG9yOdjts0OUot3LnGlYiRycc8ZKl+Cg83q2vejaek=|34000
DomZJcllzXmHcQN2Syhz1u21cGxbQXPMhsiNDYLIsOg=|34000
DufuJ8tM4q5ma0Ac6MU+akfUyclhfRCKdZwE/0vcwMI=|34000
DvmsTP7dbTx+VzlJpyv3LMKyMK2Y4EfybwGqSCM4Xrk=|34000
E/1Et0obyXbRpHeGdOEBppAaOqF4LhGSJBAzYQYrrg0=|34000
E3pWciCMT9B0sKU8lVFiOf+DcaRokE5HpzDRIPYuM44=|34000
E8d7/RchnqEO1G4bXUhQHMgh9F8iGgCGUBcSHhP+1HU=|34000
F/srcP2CzsQzvDNIZJpKczkit4SPEdJtD/c+niqEyA8=|34000
FLpwSCK3LJHmGCAlcGwoDob9e/egOd8zoL65b4UCUZY=|34000
FV7INvQCv9nkvmoycLfeoH5pqDJDuTI5JQeXDcoGOy8=|34000
Fax65Vpw70kqSM++y3vMzMvskvZ/0w0A4A5qlsxgogo=|34000
FlTXJYhElWLKAVLKWoO/IasLrA+lKTUiP0iQpX1GWIE=|34000
G3taxdbHsAhG+5TclShAD9N+CZ2fRdr6Oj0ShKgiYMY=|34000
GAzb7jcriuSzJXeEd0eOv6UriQUPoqOJ4mS9MgUYHqA=|34000
GP2Zz5i7/TMQ3t9g71vSEDiyfKOIaxQ6ZDrgWSATld8=|34000
GUxiiwqK6DOC0Y8RkQlKCGlbZhvfcIjdtrpHNfAe17g=|34000
GXZex6iq/9+NC7sUCwgPerfB3915ygVBcohFXtsslE0=|34000
GdEwse2TPPW7+os406GpsgChkEyhk/VJU/gwX4UbIXU=|34000
GdehP7p4TekG4nUtYe2w7qgE+lth8TMBovVgYSDG8BU=|34000
Gk4USlZvHDLnNGk/3bikTCUnUZx3207DVgpcB1lbMtc=|34000
H+/r1iVxz9vDin46NPpv3tABN1NO7Qhb12ou9qUZnnc=|34000
H8t9dtAlaH3k7H4baeXeUVA9RkhlYDlqKalU8uHPveI=|34000
HrVLW8aS/k9IeMi31dclRVZ6WNfGLuc9QhTzvehAL+w=|34000
HxMWd2wcMtBtMJVJm1VAlsa1lnt0i4bPtc2GtYP0P6Y=|34000
Hz24NAJDsfmQsKEF+/N1HJkKrI6RpTCcfzKNnF4BsTg=|34000
HzylCRB5Duo55pGDhrssILZ/kq1ulyCxaL7UhQHGj9g=|34000
IK2d/GxQB9zj4kD5ohhtNHccrIks/LcnjWwRZS4+seI=|34000
IUGmf6TkkF5D+aLl9qB1LiKhK10ACFowKFlHFg76yZw=|34000
IW6/1HN32u6wD9h4nIqdnfmqcHeG/o8hw/bZIOftNQk=|34000
IbnGPUhQ5IZMgHwb/Y4HRdC3y29GFYF5P2luXAcDQSw=|34000
IchNVPY9cZc+fGvJq5vcwqBmKWitUoWsdchMbkLbj/M=|34000
IfxqzfrTL8qdCuqPLk+xMBxlJKlR8fIEEgXnf+KdOf0=|34000
J+uRth3NmDS4pRGW76eohInyw3Q+rV4pq9LqAQSWGIc=|34000
JNCHRPYYsiRI4Q8vMwYuCI5YTdWaJZkq3jV2w/1JLDg=|34000
JuLyTUrjTOoP7gB/7lAocKlJMf7m1FvUDn63Nch8bSE=|34000
K2eHl4NwCSYI7n6aRE66stjUqFZ2mTfJFWzgbHYdkXI=|34000
K3UND6+ZwTFUw3lxgaRlH4xCc96Ycaxpupa7PPxKyh4=|34000
K85y8czz4kWNYH5eMY8hNs3vGe3bOLTBzcYaOisYTGc=|34000
KDenWTrGneesGHG9StjkYaSAnldGk3zrRE1EtJg/6Ks=|34000
KPhl03tsGDRDzDRFuvAR4d34RWFOYXQ3/mA0nUjyL94=|34000
KbirHacfAdSDa3GicBMPCFBO2HNfT1DZJjXvfTcqxQM=|34000
KqiJJS5mknC3aZ9opH036wicnOp70K1IW1GrweTlK2o=|34000
Krc6Z3+t+kpA+MVVBbEAUsfT7Kq0XqmBfgKq4YK2St4=|34000
KysDqNhkKEi0rScCltO3KUi3p32GKoWEh+ZQz2tT+TI=|34000
KzNHOZdikggAkDKJDRmewcAmQ1yyfP446qiSDJTh1e4=|34000
L/RzzTYZDwPzWNRleo5745e4x7jye4aKlq+pO+KqYlk=|34000
LD8wLoAxl77CYPAo/Xv4TwLoZbJdA4yvSu868yC4Qjk=|34000
LK9eTpNMclFYY+Xc7r/DIGaq4bM/NeN10OKbZtDEyz0=|34000
LOCOyPjrBkTKzhvH6sNYM8nAH+iTm5EcsdXOF6MOhGA=|34000
LdUBkU1hUbjkl8CVuo6XK3AmpHyRx7pO0ZMo4WYUzUs=|34000
LmPjL/UAp3iZ6mIeRWrZLwdgpj08nNfb2m+oNSWshRQ=|34000
M8Eqzey9MpzLBil6OPAQzSCDMORLpxkcwmZS4zXzOFw=|34000
MAShlL4OFF/ixuD5HgLWXDTqVWyClZ44Ke10G4faeqE=|34000
MGb4RcDn+O80m9uRE4JF/dh10LUTzbX1ldzzBaBjBVA=|34000
MLmguVO/pyN1hnjxdTeE+CTOnvgC1pJJm3Tnvlm7h/M=|34000
Mmp9ffJteaelVmiQ4L1phSiq8j40jPOJTuETk+fBJ3Q=|34000
Mxc89f3bKFfESahRzevN8qYV502MwOs2vh4R8vk87WA=|34000
N1+U8PtBFFuGnkUnJtfG1+Z/FeYxaubMs3tKyOKX4oE=|34000
N4WYUcfUGdsCbqlOr8z2Yaig7XYkhlTc3ZR71YUhSD8=|34000
NFtS3b3P+ZiO1kEO7mKC5IC8n/7xX+eJHAul+yJp1oQ=|34000
NLaIHZuc2P7xRs0lme1+YPeLwUd4tXXu1zKdIrT8/ZY=|34000
NS4RkwygVHJhLp3cj7YBGXXtMvto2rkz/HlrT0qA8Cw=|34000
NTTbkk4WJO6g2hYjIzN0kpdtFncVSSep8kVEeD7wGKo=|34000
NYsr6iNPNv7ikWRt1pfOnp0Ugqo6B4xTcDU0qxpmvSw=|34000
NZ823nY1gxQ4/Dtgde4AIOXvqDv4dJjrpqAnKFu+kh4=|34000
NhPWimScfEKoNvu+17Cm9iosIjw1TwpipnUq8WQU8Zo=|34000
NjLVwxtQm1ff5CET1I6+wy8pAC1RpYZJ/zlzTccsMVE=|34000
O3Wr1hEfioZav8HUdjZi1L9XUXeF20VhKE3jdGuU47c=|34000
OAt3KuR4YkzWDuKU94I/NBqRLsX/pD37QnJGV/r9ebw=|34000
OEpy5fxNBOUj+L788rn73b2Cxx1Gm779PPPqcacL4ko=|34000
OGpZlMfQtAaEP5q2KDwqcWesHBTsVnx1J33u1P6Z44A=|34000
Ocg8gesGCbaDtAorocRtGyI3ADtU5CDzJs1oLXiHn0I=|34000
OjH6qow9CUd8Q+/59uAu2K/1ZanyGQezMDhDFlAC2xo=|34000
OktQoS6FUghKUP6m18Rzi4IcOdz/IS0ODNK2j3i77i8=|34000
OrB0Owq6WY8ckC0OAjNzkQ80XqIEw753Elz4YQnTu+k=|34000
Ow4BMQ0UF14wQJy0SOFfQqyrPFnP5zCnsvFbvvguQdg=|34000
Owfq9DVnnkatUkEvNYr6qR6nYNwwD7wUgxqeTuVlL9k=|34000
PXnReKWTTpk856U8YYfWlmbw3xTtoApksls4owFLu9M=|34000
Pd/7yqRT5C22+ZH6JYK2Zcu3Cb3hQR3f3DdNddlQRKU=|34000
Pj+6uQUZb8HmZjeKjK6riWkdfcUhE+GlOpnEgfBc7oQ=|34000
PkW8UcWkrcJ4RfH4u345iQqqvyL2qRzmHXdK0hr0NC0=|34000
PkqLXL21+0xKeahiXiosfAGYLQneeMyhxaceltS8LCw=|34000
PxarLt8vFRBJKhf2t1GcmKHq4fYt+ZqmcP7kC4Fhml4=|34000
Q/Bj1SXln3/07vNmzpuM5EcPia82qezEnhGZqrJL4dY=|34000
QBb20R/oDIezYx9ZHyoE7QQpCrq1nNme2yZmQj5kgk8=|34000
QGNoo7di4nWIbaGwRxbDzkZ6oG/YAttSeH43h+bgq8M=|34000
R0qgWsjq0w2zv9K2ODb0U760oF9tnWNEUsVx164s9rM=|34000
R6w1fpjNkEF2VdUnPl9OZB6JRH4k0mhWECj9RXlbwiM=|34000
RHhNLqDqhEGgAESPWteeSjdMj9LuDbuLBDYygyqu7w0=|34000
RKp51IAp5wyK5MWBGYvYxmUdkD3m7vG+ABmS89xTzqw=|34000
RL4BPtkqWAk/M/VDNHjMLXjrGlWq0OCFh+9QkIjGCNY=|34000
RZD8QVb4g5Io5CMqhdQsZyXkxRJftKdB0nHoeW1V05A=|34000
Re9NRKk6hcwqc0yK3RWYpjHIIR4VmBlboqXUN/iMP14=|34000
RfNy+aTN5g/W0sssfCaUOCH8ZxqwvAsTUR1n0WY9UIc=|34000
Rpb71m8jdbNC27c3FkSK6j8nYyDcP5IvKGp2M24TUgA=|34000
RruTqUa1zzH72qerlqy8QwYw8reLsvs+D4tGJRBLSXA=|34000
SPwOZkpm9qa7j+XGKUrUtOBM0xRKIsFvHkodXhBwnkk=|34000
Sct/kVng56tIXbDyFSWfwEQydJS0BRrArhdOfheqvBY=|34000
Sj0f6R3Nb3SHegwegPGpPlZekC/w0vwPkHrEVdWLUG0=|34000
Sqv8Ceu9lP9UmTZUCFNDy917ff5+4UKqkbOLHcKDeJ4=|34000
ThHuE6vQXcxuk4C0oM/rRjUwbPQNR4puqu9qFNgb9sY=|34000
UFxYDFAAuj6GwD+ufdT9iOxa8yg0SOWS8PjVO5vOUeg=|34000
UGF/udptXWTYhIZqLJRZXdfx3mIeGZlt8jES0CeYBSE=|34000
UKpAOFhXvXSDeDbUcLn0iho5Xk+o/e5netqQdBle2Hs=|34000
UX6KSXlf98TdxUG+AD9dR8bKxaBOf8o0G+j4a8PITr8=|34000
UlZHX2aYQSputFs0ZhxvtbRN38DSXVA72n0WRYV1F/E=|34000
Uo1ddX4yWGcf4T8iF0GYUoucbLjfOiZgb9CqISly9qI=|34000
UrUiYcsaxyg89yMiuoWK9Zus6OY8CXWXAQ+cwKOChtE=|34000
V5q4pQwiAtrRvdt1PC/DzAN5URnN3JvpewtP3ZjdRcU=|34000
V7+M6keFckCS9Uzj7YYpb6u8uGJy5p21nKUtMWRpgJk=|34000
VHQ/9fGR3FGXNL7O7aBeVBr9wvU4UE5JrINIFzO5WrM=|34000
VaAS0dnXLTZ7hwZDKOBPaq6YrvSW34s3KsZcNbwzfOw=|34000
VlACQyGzUvFf6wDC6E0Rs0wDeNmUFZZudIJbkDaRpFg=|34000
Vwx0Rz02YQx1W1lweSSi+8qm1Xx8yHX5RWLbdzDL4o4=|34000
VxPzgYSBrCLtev5eeo53IJA9FPj2x3Z68kJehKlFIjU=|34000
VxnckGeL5euGh3HBOk5cuwPL/vUuyXBJ3XOSQwk1gtU=|34000
W2taDGM5Un9npYeCzVDMwLSXkTTNJkLemGZSmwZc4p0=|34000
WZgTt/PDtJAhWm4zUx79Rl/meEUVsWhtyo6hEphu+DQ=|34000
Wcb/7nDkc1PXd5MfBphA4C4seL0MibDrIrpGN5cbkMs=|34000
Wek4EJcq9efdg+g0q1SqWBn9n7amBILyA7n/eUaB2XA=|34000
WfqMcI6GHzbAb22xPgcZyOBwVnevINt2mEZV2IezVcI=|34000
Wi1sXDwTY2suV0HKPpFBcXxIpMbmR8h8ZI65t5XkMfo=|34000
WkiRN2d7oeJv96GSLbv9LHsjwaMCs/nv8WsfD3T44bo=|34000
WpwmVpFr4lnYN6j1437oKDbZ9VdqNHns1l2wvBaWMRw=|34000
X/Ick+iLNEjHq2OC9hVFmHzbx/a78QaqFcBQ2fwGo6E=|34000
X4pwSP24Moibrq6VvKGdnD56sd9gBI5mwnquAYar8Bk=|34000
XAWO75xGNc7xABmK+VDSKvWjIrwhRmZrYG6oTFkQghE=|34000
XCkYO4AXuE9RLJ3HqYTPzCy2gFpiuwBXFGDhkTtOVpo=|34000
XQlvUcrLtrQJw2WzZrPJ8IwvBcdt7FUjVjZ+KuUJIzQ=|34000
XRHAKMTWmIdbVWNYlODxMfX0HbA0jcl+vwLoSVXRV9g=|34000
XRnG0Em1Qk/hGJz0Uj/pwPPmdw5imkoKAVGh6BLzdLA=|34000
XRveUzj8Krk8gmjXDFFyFitCQwrREyLGbE3XtlzFygg=|34000
XUkp0aKTLLwyNz1YySMFQejfiIAvvPawfn/BzcVR+bg=|34000
Xdfmeiy5YcaEjtOEywYs+7jPO3s3Pr39ts2EOZUWIvo=|34000
XeKlHq3YuOVObZKs32qtFw87BAL3pkuNmN6pblvU+6o=|34000
Y2wcvxk1I8ek5i0n6hWctMfk6e5yu/KNwGQFNVHYXVM=|34000
YOG/Gv5UHGD8J+90LtnUltnl3EJiQ7KICFr2KVkLpZU=|34000
Ym1zmCVfvXSje/KccQIgGxHcARu6pN1FTd/I6jvLkj4=|34000
YriN9pQI5K6lEYJurj6aD60kTWTcJvp6lEzSqC4RUgY=|34000
Z+SUCHNEZP8ovkPmAZ7ws4cr2f75s3JSZPjZY/UwLNA=|34000
ZCjwzWmuELG1H1/k9YsHAycJ22cokOeZfTPjTkfeKO4=|34000
ZEsbgNOzsZzShU2v53s8h0kIza3LcWUUGY0yYgHiIus=|34000
Zbw8Fu4dOuig3z8xcdsrbFRJIkdQIbb1608HegsGDZI=|34000
ZwSIQy2kv9sSTNqA0o7+K6C3CXuMMW2PuNT76Is36Kg=|34000
a/kiFha83Scrlu0hjt8YpA9+Qxo+T+1gc6gnspvU5Ic=|34000
aAZ8LeAQ5EQ2/F06dxHyhsqIXzn9B8rQhzZgVSlNl6g=|34000
agvEzDDPtvKo8xWF5I8aMKYHlAh/K73LvQntgXVIc7g=|34000
ajO2Bklrhdq1wrcq5c61JS0RUzitkGRNe5Oh+Z2p4kg=|34000
b9Bo9w7gM3YZFVhnWFBJ3ajIDYJabo2rMdOmVUtJIvI=|34000
bMWEnw3w1wTiZDMIdMm9n0LbGRU1mN25T1xZ6FApNOs=|34000
bhSouqZ6dIwA2gTwtybZcyO5Poprk3RR/ujRe6HgtLQ=|34000
bu7HD3Wbx62B99IujDIGBEzV0nXHSPHT28gUJgycCQc=|34000
bz31ifEpr3M+fr06KiuXc4wEyussQXLg3XlplGQF1r0=|34000
c+OT8jhddlylsaLIaPsxT/U18DUDlsjrW0J7OC3WDlU=|34000
c1KN7o0ZaL8N/1VVoCOpEjohnFXdbtc2vJG0JVdpZQ0=|34000
c3q5CFFiAlbN2l76oXG5H9PKHhNWgh5JOWiXhVkjthM=|34000
c6JPgOAevZ59LI1DdJonilY9PDAB4M5+ZThLRieA6VY=|34000
cK5ClRLydgXM36GFNNQQ7sfoVW9RlbZDBHg4HLAwnHw=|34000
cfDTP0inybTCCoFESs9Ym5EEM8b1FfQfBsw4LqwxB0A=|34000
cn0mvXRdeNFmoKPNTnkcgNYrh3npHQbOCo9mChjazw0=|34000
coYuxmkqvnQ80DP6K7Z+tsVFBuPA6i1lUlTlq4rkXxU=|34000
cu36caC5R8aNV1iFSMyIw4OBkMMUd7LP4V7uTLF2rBU=|34000
d5c0Vun0Q8+uRHacC3DN41vYbsm6QnuQoGecndS4ebA=|34000
dCGPYjqU99gCGVytkqluK/wS44epMtWAy7EserwFqAA=|34000
dCQ9gQ4SXn/whuWSr1RIC+7mMhYL0mfIxqN36MEBlfQ=|34000
dgEz7aDfDvXH3hmRxZbbfV0ATb2fX63cYOAnKOvFgLY=|34000
dhV8fldd3FjMWSNxTFi1l4qQnYu5LOo+8Xx5AjTr5Aw=|34000
dmCo1kC+uX6NT9DVL9cCMjmCYb31621e1Lw+f8vLmFs=|34000
ds9RvczVeXnEqqXeTCz9ryrWoY65F+77BqpAxRN81nQ=|34000
eA+vTYtS8oiRMS73ghHZXRU0BPx4RgsfkIFa5jUmbuM=|34000
eCnac7SgYvKeNDanYlCGRWmt3E+qg1iV24Frvm5Thog=|34000
eJLGbdfv8rHollIeh2LKGU85wqRvENPxorDpWUsAznU=|34000
eT+Ct2SlgeBUOGBPCU8bOafG8tCp3WZRARpUmqSsIJo=|34000
eWqy3Krst6+EVayg8j8GmfbRi+CF1kVZyyS6Du1ot7k=|34000
eYpI19zZz8FoQiWE7bGqEfib5zIjX0lLu+pXC9s6GaE=|34000
egXsn/HDA3c0I5M9//TXS9G3I2/S7rNF29b5yn1vUl8=|34000
end8J2GHxEJSS2PvXDDW+T3fZnG/ZMhCktddqZf0oN4=|34000
eoHY4G8Y1Xl2M3EMw6jvqKBP6mha2F5gyBWr+vQDiSo=|34000
f0CcQxWi3jc2vFY2u/XtlSCYolcapV+CIPoPxvh9BHU=|34000
f3VEvvH1Pptj34fLpLgPcGee+Yy03Rd70a82Tg38wVg=|34000
f9vp4K1A17Fai1cyQpAVs6eD7NzbvQxlvUDH+D0LvzI=|34000
fC1B9CCvZcrlmgJHnsnEQhLvJ6IVG91i42vsXqistdc=|34000
fIGIPDVfNVPewDXLwJqiUaWdrINrUa3D+JGIfOZFWes=|34000
fOgUwVOVH6xDWLoCCAMM7qGqw6Bt5Rs0vhwwMhFJLQY=|34000
fbGdEbftEpMAZCKTZzo4k6T6ko7Oi7GO/Cgm7NpPcC4=|34000
gOg633gBUEcSOTJh4TyQBIPNhbZnuLFoGvuR0NY7CQY=|34000
gWbnaUYUCsZD2iZ4FifR6K1H/dIDza2xJ3Trdns8ZBA=|34000
gwgjRbLP80RvXIRRRLtKvcka1TuybHDCo31YOLg337M=|34000
h/sYiquTMioZXdQbxsJja6GE9Pox4MKW/C2kJTHvbdc=|34000
h3UIgTTqHqWHhEqnmGtnWEyRJaOlXy8pnQKMdKdUh6c=|34000
hAojHSMdOEUzSvBoVxMa6l6omGfo2cFpVm++glLxowM=|34000
hD7vskpjD1jQwNUTY1elBMXsFQUrihOgr/vz2qJJq00=|34000
hQuCUeuA3JU3YVLDoCAW5vK2tw7zGaDe/dXbxX1RTpA=|34000
hewRxQDCYguSTKgvxl/kT7QV3lGqDWxEKceGq8FEWqg=|34000
hn8OpvQG0fCktl4V+f2lg243eBTNEfdFENchdguaQ64=|34000
hs4N5yhL6vfH6etCikip+G4y6j0SgMrLgPYS+5vSJ4o=|34000
hvFPL2IwyQidHJtfnSrizMbxGUKspRUr/BcEp8m3lYo=|34000
iLp/iK2YXVeKUZ2DghMdoE9h4NvK87yKCN+SINAwqYM=|34000
iMATY8+Kn6WJz1qREiRgqNenAe6A3/CqntRX0UUOLTM=|34000
ig4vwJQU7UjyKALbkjq2YMOR1N0s+EGzBX+4CKS4GSc=|34000
izeJFYTOmShSqjUqVqFfPlwtCJtBNxs76HI10Y/0XnI=|34000
j0BFTLatasMixdoM7IbaMiTfxUYzjtzpYx2QduFQgUk=|34000
jBnZbS2q/vP9fEP2BKb+lTUu8TANHSGVqPvFIGlJgMw=|34000
jGFtCMIkSWDQH1VKDxrq9g8OuTLWqTYi7c2OZ1v+y9U=|34000
jHU96WSWysbPG8tTYnViQeY6QZ97HSC/8xwedPX6Qho=|34000
jPpisu64ZpU1KPFMcHr9xxulXWvKaLYOtMvUji0smx8=|34000
jkCQ+xDWPoHbObq958kxT3o3oKFx3H6hD3hWdHjHGdE=|34000
jkfBNHbHE7CjCbrZDFdfh/7gSUNr6gOcNW3ngWbCI9c=|34000
jmP3ZBqaUGx3/+8uV7G7565oW/J6yIcgOBsse6uCkD4=|34000
jnn2TTb8fJ6/oq82KAgYK4vUbht6xSwtM7wD8+ttBUI=|34000
kExA3N/yXEo7tYpLnxx5nNP01D5a3K37QvxLjLoOh5Q=|34000
kTLkNHcVNxNx1LGQQgBWKnfycQffc0A1+jxP/Xevjpc=|34000
kg7x1EP+UB37Wx1R1jQJs2mhYzt/r+BvnCSgVXEG2Cc=|34000
kugJ5OSj65fRJsO0s2aZz1H0EzJSWTY6NSR5Rk0SkTg=|34000
l22RKvW8cA5QPC37XB1XoKNz/8r0Q6YtEPB+lCA1Z9w=|34000
lK3DQIAsnPZuEK1vZYNubD+cgUvGbSJumIXqzaUAavA=|34000
lV3DSkDyU4KKY3wWk5RwL2ktAxa10tjR7YaggA3z8LY=|34000
lWswgOW8tSuM4IYzZebp24RmxXOrwX3uChq/x4Pq4qE=|34000
latOQQsOAX7G1kfDAuo7a/IPbOyRo2dE2ZXa4AgkSDM=|34000
lg5mbMqNHTXtvfq8+UvdIuvdZ5Excckw4P8EumQ4oTc=|34000
lhhb2uzhyOaiLv9TSwCFgjCsxGQLVid7nBnIibcwBo8=|34000
m8dleqK7XeCWrxkmtpuRBVm3pr3Cw9/WgDlVa5tLNxs=|34000
mLz9Btw6gvcLns4HaNpIeY0VLpKXY7Yr9tfVJZ/FFtE=|34000
mS8eTzOhr5bIM0LMvViWhVhBuKop/0btBH00J1+TcPo=|34000
mYYoScl/YQB8tdsuW4FtkYDIs/aTOaU9LYdq4iZtAps=|34000
mp6Z4VBVNWKj8lWEGa5FTQc0L5nHEbYYddXxLewcxhk=|34000
mut4bqKN4sO0+38KKxJFL+3aybM6YVSsuoAvZMyAgfs=|34000
myUdkQjub28h02OvMZRcGWJD9euWVwtlNN4SvgbA31E=|34000
n1nyFLoTsh4KaDopiaLCNUiW2rURRxw58d55D1QRuPk=|34000
nHW5jLJB0ByER3MxuONYstz9zWG3GSWameWMqyP3JSA=|34000
nPDjvtqpQSqnaWOBg1VjmYEELOMRTYavZwl9CQbaIAs=|34000
ngcUdzg5eqpzgvG/x3fLPs896+PCsiOWBjCbu1g1FRw=|34000
o17/EfNry/oQ2vzv4Zv2Vdg73gXYa74LfAlpbVfefu8=|34000
o32kDyEFx4bd9GjBsVGcb1yAJBXk/mQh5HY/ENyePAU=|34000
oAf1xU6l4zHaEOjljoZt0WZVUx56U1Uv2Wec+/kE1H8=|34000
oORKmpp9UrgJS8OtLUki2VbB0BBpDzVUU+YZppK+G/A=|34000
oTfCPlR4M82vORwzFcyMJsEb+xreYKpd7rPGKxBowgI=|34000
ogC/z3svRdhfWrtESKDzyUuJwfj+eDoplzna24J3NXI=|34000
omtC/JnxaAF67GaPc8y4sgaXhulzLu0Kk1ZJux88cs4=|34000
owI9dNb7Kim8pHoc1PmSSLyc700jQ04N83JNkAGK9Cw=|34000
ozo/6vaLyPKDgiU2+dyJKMzlzglafFVI1i+rMNNzgoE=|34000
pFBDV+g3ztul9bFSQUPEN+bGEuTYRW2huf1/+B6EzVo=|34000
pZ/ta04YzZeeGnSV5oPBjYyLva5kRj0QnrnZC75J38E=|34000
pxFVsVToLs577CZjlMcZzxEP/og5LRA1Tft65FfvwF4=|34000
q57HLwFk0nfNM1q2NAxQam8uYV8SbWeAHcTo58uBs08=|34000
q8cUGHtHGiAxhuHOJHcdnvL9E5cmEt4t9dtowWwp8Yg=|34000
qV9oOID6YFQns16F3gQizIJXJc4o1DsZ3jp3wla0FHw=|34000
qcnSZgviSi8DY5eBHg2laTwCGX9J+rfaloi6ZcmgOqM=|34000
qw30navqPPxPP6pj/MyVwqsCl76bcJP2iXmM8r6vhUM=|34000
qygMFEVNJXi9JLDenzEmXppybUabXxsSD+6p28yPOl8=|34000
r8n96BNmz06MOISG//F4kWJGuwkS5XU5KoO3Q2vsrXU=|34000
r9PoUyaFvhIq7o35gyrWupmovW8Of7roqZgs7AHORh4=|34000
rBz5pvcxFhqin0CNLY1689670qpBJfKTGCbVzgaM8xk=|34000
rEDBi4Rc3hyWf4GQH1JlX6jrDFV/URKOq8Nu8IKTlBo=|34000
rGZ/ijpY6XJK5f9BCUdUAAwYYdWLqhw6d6HMoyCZ3bk=|34000
rRhmN6056BHDjHqq359mz5/bioC9czRwGjo159LyeTQ=|34000
rn2yqxkaFSQuhjEhm8odyJW/XLty0qwFu4Ry6wa9yeU=|34000
rpa3o54rb6N1d7htsyzulUpJ2nU2PVTV7qUKi64+Pxk=|34000
s/qESmHqurmshHdD/MFBN4S9if/Jbfhm4CbpQIRmyx4=|34000
sIONEQCkkQYpN7TVGIJD1JBhpdkAUVA/Xdl/CosNNwU=|34000
sIlpSnhvt2Jf7yPqX2yJMSiyiMbrgZTDixh7ykNaFGQ=|34000
sMWsb63VZ4PCSkGxScFkJr3ux5CppjrggMhPKFB1q2E=|34000
sldl6p+NDHXn1PqRZX85Map3lnJSFVviXTMUXLlMiu8=|34000
sn0zu8x4cK5KVIy+CTCkCKab8fQae+2ldVwfRr7u0Hk=|34000
sqEXVDAnRKq5bM4ijAc+WW7bTbOAMdw46PQhxlmCYIM=|34000
t6D17ctMVgPoUgDP3P2lQaRUDtfzHBZ48NKPjcyqvtM=|34000
tDCEOFScFhb93LTLhJ42PL6QmMKSgr3V8YQEelz5M0M=|34000
tOvmUnsX73cDVDXQVpRcyK6Fs4cwAwwJQJRkqvmDiuY=|34000
u+T0of6krbYb3z6N5d8gIgQQQ2RqN0HIYcxq9vBr4Tg=|34000
u3lwi7omyX2NM5nddfr1iPQ6wJ284gJGT3qZHW/ZnUM=|34000
u7jFdtjofkn86Nf2CdmNTdNmijZLyqLrkGzacWZrFd8=|34000
u8WzA+qk1gggSm8ceL2QmdM7vim3q1yVIN5sDKRYhwY=|34000
uEAoYq9aruimVShRwtUbm2Lz8Ryz4SRGXyHyRMwE64c=|34000
uMYhaxd051KZ8ArXPio2A8R2S5GJ+ocY79S70Y9Tz38=|34000
uMqSXk205z30A8tIXRPoGTcSgcCBv7D/9UJJcpnZnK8=|34000
uPBCkod6Hzih7dnLSL8nU5HYVUD/0KARysKeSYZBm/0=|34000
uboHBqm+mqixzSEiMzNJKjSmsOe1CAUhHZZEXbwOSwE=|34000
ucGDka4Y0auziLYc3jSo1oyBZja4B7wx5O+odbyENj0=|34000
ummc2FHzrR4nG7ti4pWyGLOrCDHVAaMReTk2kYdIgvs=|34000
uvk3xNUT5ClZtlSLqsQSrLvCB64OvDZvK4WpKyeLVhQ=|34000
v/IujAl1e4tIQMvnADPV5FZd+NieFkeEDytJGY4OZpk=|34000
v3UFCWFRuJpXIQ71NUHD9B9SL5ntKxv22JIrxzJa34I=|34000
v6CFWD3kwOHDapIVu4raurDQ8Nll0LhIigzhEQLvoNI=|34000
vXsqfwkbzLTq1v+7VvfzRx5Mem5q8Wz4Qvcc+vpEZv8=|34000
vhmy5wY3lRy5Al8fTs24y0RF+CwyNTpeUovSrlyPSsM=|34000
w0YdyMXPR1QEFvls5f4XPdYwUUUNCvTb9Iw4waoRDgI=|34000
wQTgCKIApcdDVMPZ8XZjV/8oNZOMpWbQ/AdYK+gYRi0=|34000
wYNXeJqbXxS+D4cRdHU2bM6pt2leTmO/PxWWhnoS034=|34000
wcU8mfybFPRvRDeU2IFtteX0TFQn+jfW75AQp8OPkCE=|34000
xF3/4oDYIcY1Nb7H6q5Iyr9zsbclOuX0XOxMHIg/Pnc=|34000
xICUNJ/Cys6P4gOVDXizEiHLANJ+2/xw7A0E9+N2i14=|34000
xQ6ORAR6qVQVBXEQ8NERsArsk9Iv7jqjmM5dYL1TtW4=|34000
xe+nA125pkZbNxN8LdGzVamuzEqHrh7J6z05DsXxIgE=|34000
xgDpPkoGVfngoW+kExbaQshoB1WjDy3HOCHuMaPcLnc=|34000
xoRkAIZDluMcmJI7EgfPD8gig6w2JbIWFBNUrDa+ySA=|34000
yDMCqSSny9zBe6hGq/301dd4qJFvlPLKs+qysCfmw1o=|34000
yJqhrf/GkrSVLTPhHlmMQ6avu038kj+A5n23kful9H0=|34000
yXE/Zy4UpMSUOrETTpmChTRSuw7CI4LN8xzD3IH79i8=|34000
yjIESXSDEWdX/wmCpIsA6TEhXhCuof+7sGM9HQt+8eg=|34000
zTtyUTGIJnnTYJhUSjHQzw6MgwaLXxaiLnpnoNQkIIo=|34000
zmfMRs8I96FU1e+upZo4RD2Zv8s4Z9UJSYUqiuOM8Ck=|34000
